t_total, t_motor, t_cam_1, t_cam2, time_motor,motor_x,motor_y,time_cam,cam_x,cam_y
1.907560798,1.899803984,0.004557527,0.002233079,1751291562680489558,14000,22000,1751291562685045252,47,202
1.097118858,1.089046362,0.004497491,0.002786793,1751291563777967281,8000,20000,1751291563782461790,96,184
3.495939078,3.487984896,0.004423473,0.002666369,1751291567275751258,8000,2000,1751291567280170398,98,30
0.40918621,0.316563838,0.083972219,0.002309485,1751291567607592062,10000,2000,1751291567691572892,83,26
1.962176146,1.952525118,0.004132663,0.001702253,1751291569651534440,8000,12000,1751291569655659529,98,114
1.101390446,1.093648872,0.004237772,0.002075581,1751291570753317622,14000,14000,1751291570757555931,48,134
1.441518687,1.229146776,0.209456638,0.002510149,1751291571990440617,14000,20000,1751291572199934995,47,185
1.598901481,1.592110264,0.00420718,0.002087414,1751291573796544657,4000,20000,1751291573800746430,131,183
3.11078177,3.096225905,0.004205903,0.009770193,1751291576901127645,14000,6000,1751291576905330807,44,66
0.828541166,0.718005032,0.098026424,0.003308805,1751291577642860707,10000,4000,1751291577740966519,80,45
1.322092887,1.154720237,0.160478786,0.002462539,1751291578903973748,14000,4000,1751291579064495349,44,45
1.969450158,1.962467147,0.004186903,0.001963898,1751291581033746880,2000,4000,1751291581037929024,148,44
1.91797338,1.910062549,0.004047294,0.003479469,1751291582950726960,12000,8000,1751291582954769754,65,82
1.65958015,1.65168069,0.004220069,0.003166806,1751291584613586303,2000,8000,1751291584617792298,149,80
2.166974693,2.157723103,0.004824264,0.003929259,1751291586780294333,8000,18000,1751291586785127041,98,165
1.49148753,1.332770459,0.154827997,0.003207528,1751291588123519901,2000,12000,1751291588278378898,150,115
1.221867202,1.212430541,0.004030164,0.004083497,1751291589495887328,4000,18000,1751291589499914455,132,164
2.146662746,2.136511485,0.004585026,0.004526417,1751291591642000804,14000,10000,1751291591646586497,47,99
1.927795225,1.916733328,0.004585231,0.004698543,1751291593571066307,4000,6000,1751291593575650945,130,63
1.950094701,1.938558108,0.004881634,0.00553642,1751291595520596832,4000,16000,1751291595525476762,133,147
0.853438811,0.63878584,0.20622837,0.00694153,1751291596171923881,2000,18000,1751291596378192602,150,166
1.222772894,1.0663659,0.150609207,0.003099289,1751291597454535489,2000,16000,1751291597605141122,150,149
1.306631671,1.249227199,0.052558079,0.004372992,1751291598858792628,10000,16000,1751291598911353502,82,150
2.406031839,2.394154917,0.004259328,0.006137004,1751291601316135729,8000,4000,1751291601320390168,98,47
0.801932164,0.624172625,0.169248643,0.003894111,1751291601956011758,12000,4000,1751291602125302734,62,45
2.14814649,2.137055871,0.004363104,0.005406571,1751291604269236765,4000,14000,1751291604273597314,133,129
1.404117217,1.339652384,0.057297751,0.005126019,1751291605621108788,12000,14000,1751291605678469983,63,134
1.918393551,1.906308614,0.004176199,0.00376802,1751291607595187484,2000,10000,1751291607599360461,148,98
1.012234607,0.85096909,0.153837994,0.006575368,1751291608455383108,6000,14000,1751291608609218658,115,132
0.873661135,0.72902625,0.139370831,0.0043859,1751291609348057081,6000,18000,1751291609487426301,115,167
1.332754411,1.113643687,0.214309588,0.004071571,1751291610606793573,12000,18000,1751291610821072921,64,168
1.975203423,1.966735082,0.004169718,0.003881722,1751291612792815356,14000,8000,1751291612796980759,45,84
1.985573959,1.890058332,0.088162937,0.005490736,1751291614693238465,4000,4000,1751291614781399717,134,44
1.195105056,1.178992379,0.005910934,0.005432848,1751291615971125924,6000,10000,1751291615977036987,115,97
0.896601991,0.752555931,0.135230095,0.006279076,1751291616745279841,10000,8000,1751291616880517954,80,81
1.12280115,1.109562729,0.004410104,0.008056828,1751291617998454303,10000,14000,1751291618002861962,81,131
1.771933827,1.676779805,0.088781262,0.005345979,1751291619690507185,2000,20000,1751291619779294373,150,182
2.736555325,2.725363597,0.004203051,0.005247998,1751291622512190250,2000,6000,1751291622516391190,151,64
2.455056944,2.28110583,0.164326825,0.007092306,1751291624805848548,12000,16000,1751291624970175670,64,151
2.56212374,2.551055437,0.004465269,0.006037654,1751291627529529524,6000,4000,1751291627533996960,116,48
1.685540978,1.67416329,0.005195851,0.005309017,1751291629217120676,10000,12000,1751291629222312620,81,114
2.108811252,2.096564354,0.004265883,0.00724297,1751291631326265461,14000,2000,1751291631330528122,43,29
2.148774642,2.135425686,0.004287623,0.008393361,1751291633476533249,4000,10000,1751291633480816354,131,98
1.538775218,1.526356081,0.004184347,0.007082473,1751291635020823498,4000,2000,1751291635025004253,134,29
1.216857786,1.204029117,0.004258791,0.007955089,1751291636237287919,6000,8000,1751291636241544209,115,79
2.071163815,2.051683372,0.00887378,0.00988271,1751291638302369358,10000,18000,1751291638311253656,81,166
1.449230172,1.338711962,0.103745751,0.005313053,1751291639665492358,4000,12000,1751291639769248998,133,115
2.011419433,1.999295385,0.004161533,0.007492874,1751291641774790942,6000,22000,1751291641778947549,116,199
0.673337961,0.66162726,0.003823056,0.007100546,1751291642451072435,10000,22000,1751291642454890510,83,201
2.86018734,2.844680897,0.004928392,0.009739638,1751291645309322284,8000,8000,1751291645314246251,98,83
2.956169094,2.945276768,0.004209421,0.006088061,1751291648270815301,2000,22000,1751291648275021852,151,198
0.767335724,0.754539853,0.004118663,0.008160494,1751291649036725342,6000,20000,1751291649040840894,117,183
1.231436005,1.218995314,0.004534065,0.007334468,1751291650269541198,2000,14000,1751291650274071614,150,134
2.692823377,2.508416747,0.171627036,0.01187157,1751291652792417996,6000,2000,1751291652964043810,115,26
1.690907059,1.678473829,0.00429916,0.007456116,1751291654656088408,10000,10000,1751291654660383902,80,96
2.001196974,1.808359113,0.184757459,0.007383579,1751291656478674835,2000,2000,1751291656663429591,152,26
2.398919081,2.278214036,0.11180008,0.005988914,1751291658952604321,12000,12000,1751291659064401661,63,116
2.227088271,2.213571539,0.004288087,0.008442638,1751291661287226567,4000,22000,1751291661291510431,133,198
2.061959161,2.048582593,0.004285902,0.007559577,1751291663351546194,14000,16000,1751291663355829521,49,151
0.82191272,0.790302138,0.018814563,0.012338508,1751291664154842422,12000,20000,1751291664173655245,65,183
1.610277793,1.593418424,0.003685706,0.012461933,1751291665780951099,14000,12000,1751291665784633417,45,119
1.931983583,1.91915949,0.004200051,0.007834906,1751291667717710781,4000,8000,1751291667721906480,130,81
1.260117246,1.241742659,0.005078593,0.010899807,1751291668975075123,8000,14000,1751291668980148902,98,131
1.686135244,1.670641892,0.004047534,0.010808493,1751291670662857213,12000,6000,1751291670666902488,62,65
1.023596086,0.869935625,0.143957564,0.008152901,1751291671551322498,8000,10000,1751291671695278246,98,98
1.449284273,1.304640775,0.137070292,0.006773977,1751291673009519532,12000,10000,1751291673146586490,63,99
1.413934614,1.229671703,0.175868772,0.007682001,1751291674385635003,6000,16000,1751291674561501887,116,149
2.11331804,2.090952416,0.004008387,0.016687427,1751291676663207649,10000,6000,1751291676667208832,80,65
2.803160956,2.787164907,0.004374011,0.010305371,1751291679485005818,10000,20000,1751291679489376033,81,182
0.641100744,0.411093786,0.218576993,0.008381416,1751291679915693397,12000,22000,1751291680134255168,64,202
1.240005816,1.218612549,0.004595174,0.01575096,1751291681365067652,8000,16000,1751291681369659549,98,151
2.05437724,1.985596746,0.058212831,0.010079318,1751291683371850002,6000,6000,1751291683430137221,116,62
1.212881206,1.199747987,0.004188421,0.007614262,1751291684645771331,12000,2000,1751291684649955586,65,26
2.173934711,2.152347706,0.004201959,0.01604151,1751291686812469906,6000,12000,1751291686816668531,115,113
1.679586398,1.665447898,0.004304012,0.00902563,1751291688499839785,14000,18000,1751291688504144205,48,168
1.238033309,1.224241877,0.004564546,0.008228048,1751291689740934087,8000,22000,1751291689745495059,97,201
3.111914477,3.088478869,0.004371844,0.012137493,1751291692849544704,8000,6000,1751291692853914159,98,66
