t_total, t_motor, t_cam_1, t_cam2, time_motor,motor_x,motor_y,time_cam,cam_x,cam_y
1.158900189,0.911912818,0.235087942,0.001577013,1751290428462746365,8000,8000,1751290428697825234,98,79
1.405508161,1.259809789,0.141201942,0.00304436,1751290429961107303,2000,14000,1751290430102305967,150,130
1.223942493,1.214679523,0.004506394,0.004047438,1751290431333220704,8000,18000,1751290431337723264,99,165
1.028957454,0.865920587,0.160690847,0.001713973,1751290432209892681,12000,14000,1751290432370639786,63,132
0.990871485,0.982300227,0.004140196,0.003948347,1751290433356667290,6000,14000,1751290433360803764,113,131
1.657979892,1.648410502,0.004480598,0.003460169,1751290435015302801,14000,8000,1751290435019900434,47,80
1.515132332,1.328232182,0.181497843,0.004462506,1751290436355100768,8000,2000,1751290436536591501,98,25
3.760092442,3.752621594,0.003644573,0.002384853,1751290440295556386,2000,20000,1751290440299198348,150,178
3.882174082,3.875094005,0.004327304,0.002171911,1751290444177687597,12000,2000,1751290444182014327,61,27
4.108747214,4.099510819,0.004203491,0.004279583,1751290448285860617,8000,22000,1751290448290060145,99,197
1.29546311,1.289016191,0.003840478,0.00210806,1751290449584688564,12000,16000,1751290449588526432,64,151
2.435731534,2.429002859,0.004121196,0.002173522,1751290452021375213,10000,4000,1751290452025492539,80,46
3.253512599,3.238489847,0.004244028,0.004686261,1751290455273297595,12000,20000,1751290455277534475,64,181
3.666516058,3.657431864,0.004608818,0.002971881,1751290458943074900,10000,2000,1751290458947685737,80,27
4.189912802,4.181022124,0.003970328,0.004229232,1751290463133490751,14000,22000,1751290463137458394,47,200
2.328487279,2.247035858,0.076871806,0.003886589,1751290465389890576,4000,12000,1751290465466765345,133,113
2.158695089,2.147031434,0.004467672,0.004082123,1751290467622103560,14000,4000,1751290467626569029,47,43
1.467160241,1.324101501,0.13867214,0.003488966,1751290468957345762,8000,10000,1751290469096025179,98,97
1.635922481,1.625451049,0.005752597,0.003720332,1751290470726997773,6000,18000,1751290470732748649,115,163
3.36236406,3.351636927,0.004587912,0.005231531,1751290474089589144,2000,2000,1751290474094177259,151,26
2.369375817,2.252471565,0.111678184,0.003155452,1751290476354420576,12000,12000,1751290476466097427,63,115
0.719256722,0.497931842,0.215607079,0.005061367,1751290476970316987,10000,12000,1751290477185911177,80,115
1.341295487,1.166403638,0.16774594,0.006343255,1751290478358930418,6000,12000,1751290478526676079,115,114
1.19943397,1.19116567,0.004391433,0.003330394,1751290479725254211,2000,18000,1751290479729640773,150,160
0.849360834,0.650440833,0.186179899,0.003287654,1751290480393908784,4000,16000,1751290480580080350,132,147
1.60335396,1.594908459,0.003903478,0.00408853,1751290482179225541,12000,10000,1751290482183120315,65,98
1.569462963,1.559211639,0.004183399,0.005553212,1751290483747418265,4000,6000,1751290483751597460,130,61
2.121397162,2.107966238,0.004301027,0.005591229,1751290485869069386,10000,16000,1751290485873352691,81,147
2.959406488,2.949428844,0.004213491,0.004792705,1751290488830609379,4000,2000,1751290488834824092,133,27
0.883811305,0.778712,0.099933588,0.004293601,1751290489620726686,2000,6000,1751290489720656237,151,60
1.551134155,1.540201247,0.004406322,0.005321438,1751290491267246776,4000,14000,1751290491271648487,132,128
1.567457763,1.557601395,0.004384081,0.004819538,1751290492835988093,12000,18000,1751290492840369323,66,166
0.986366935,0.829304865,0.148821362,0.007498016,1751290493675930666,8000,14000,1751290493824749843,98,132
1.134014966,1.118296779,0.005027682,0.009917479,1751290494953638887,8000,20000,1751290494958664310,99,180
0.902029965,0.720956518,0.167696335,0.009691815,1751290495694992002,4000,22000,1751290495862684040,133,198
1.878546392,1.853786657,0.008038785,0.005184403,1751290497738785820,14000,18000,1751290497746822013,48,167
2.391707863,2.378756153,0.004919796,0.004911962,1751290500134686157,2000,12000,1751290500139605916,148,114
0.784197285,0.602641271,0.176416833,0.004450914,1751290500749519557,2000,10000,1751290500925932020,150,96
1.941251548,1.92918288,0.004181436,0.006689824,1751290502862687395,14000,10000,1751290502866865035,47,98
1.318917468,1.143234215,0.167221289,0.007890084,1751290504018070851,14000,14000,1751290504185341547,46,133
2.303962561,2.292951173,0.004531505,0.005987927,1751290506487388081,14000,2000,1751290506491916346,43,27
3.742605658,3.731560308,0.004493172,0.005971502,1751290510230954781,10000,20000,1751290510235446583,82,180
0.700233131,0.639593276,0.051519346,0.008621203,1751290510882176917,14000,20000,1751290510933761059,48,184
1.668367121,1.658049426,0.004294861,0.005113311,1751290512602509544,4000,20000,1751290512606780312,131,181
0.806799997,0.796602967,0.004078697,0.005577064,1751290513409518482,6000,16000,1751290513413594031,115,150
1.25331725,1.240911939,0.004332508,0.007567181,1751290514662567421,2000,22000,1751290514666895540,150,196
3.673838556,3.663250365,0.004141289,0.005924187,1751290518340818465,4000,4000,1751290518344897514,133,45
1.212761228,1.1965999,0.003922533,0.008531463,1751290519553502954,6000,10000,1751290519557422969,115,95
0.799953834,0.626919702,0.162934396,0.007775141,1751290520196732667,10000,10000,1751290520359630342,80,97
1.124425926,0.903346802,0.214033139,0.00551812,1751290521273573075,14000,12000,1751290521487604548,45,115
1.79088346,1.772815049,0.004206677,0.009896405,1751290523272158196,4000,10000,1751290523276362077,130,97
1.217302337,1.203652248,0.004268713,0.008437854,1751290524492532505,6000,4000,1751290524496797533,115,45
0.799379034,0.608877221,0.183411884,0.005703672,1751290525115955895,6000,6000,1751290525299361038,115,61
1.070366275,0.856287431,0.20373989,0.009354524,1751290526163944287,6000,2000,1751290526367729362,116,24
1.21679963,1.185905284,0.016207476,0.01267253,1751290527565369226,10000,8000,1751290527581581443,80,76
1.404194845,1.205797688,0.189022354,0.008502131,1751290528801928003,4000,8000,1751290528990986728,133,79
1.09505026,0.877043937,0.208334026,0.008098821,1751290529879285142,8000,6000,1751290530087662704,97,62
1.370689526,1.133352422,0.215852412,0.010959723,1751290531240098095,14000,6000,1751290531456024321,44,62
1.178396408,1.027065869,0.143211514,0.006568048,1751290532496114974,12000,4000,1751290532639312395,62,43
1.315248613,1.117764164,0.184258317,0.011453567,1751290533766230864,8000,4000,1751290533950473737,98,43
1.360250916,1.107159457,0.224774592,0.021804503,1751290535076242597,2000,8000,1751290535301013653,150,79
1.431834353,1.405157794,0.00418201,0.015862334,1751290536735071342,10000,6000,1751290536739250427,83,62
1.60219246,1.447753726,0.144964174,0.007741179,1751290538205321542,2000,4000,1751290538350328437,151,42
1.947007888,1.932772623,0.004600227,0.008320059,1751290540294192226,12000,8000,1751290540298791730,65,80
1.678525166,1.665626453,0.003939811,0.008325818,1751290541973886429,8000,16000,1751290541977822610,98,145
0.761745463,0.741379734,0.004603208,0.00808497,1751290542735748797,8000,12000,1751290542740329395,98,116
1.281342466,1.262590008,0.004629171,0.013244484,1751290544013448429,4000,18000,1751290544018084581,133,162
0.895092872,0.869355854,0.004178307,0.01576752,1751290544902120842,6000,22000,1751290544906294853,116,196
1.801992348,1.689023909,0.101432391,0.010107235,1751290546618334025,14000,16000,1751290546719815211,46,150
1.335953332,1.234546664,0.089184687,0.0112557,1751290547965889997,12000,22000,1751290548055077739,65,201
2.988260314,2.974225711,0.00452158,0.008925383,1751290551041600634,6000,8000,1751290551046241935,115,81
2.095305448,2.082334866,0.004408377,0.007890529,1751290553138750387,10000,18000,1751290553143155580,81,163
0.894693318,0.726612861,0.154558773,0.009290971,1751290553883657378,6000,20000,1751290554038265688,116,182
2.899468057,2.882049098,0.004439007,0.012401961,1751290556939652920,12000,6000,1751290556944098889,62,65
3.365554767,3.352493631,0.003628612,0.008733146,1751290560311434500,10000,22000,1751290560315049075,82,198
1.605173109,1.586644223,0.004195974,0.013480574,1751290561912175380,10000,14000,1751290561916368891,81,133
1.482690354,1.467363048,0.004209158,0.010137329,1751290563398839636,2000,16000,1751290563403043925,147,147
