t_total, t_motor, t_cam_1, t_cam2, time_motor,motor_x,motor_y,time_cam,cam_x,cam_y
1.808932824,1.797991157,0.004409088,0.005422501,1751289973248703254,6000,4000,1751289973253110731,117,44
2.496502152,2.487664569,0.004305052,0.004075963,1751289975747196286,2000,16000,1751289975751496765,151,142
2.015953182,1.923884844,0.087647787,0.003786837,1751289977680444040,12000,20000,1751289977768142326,65,182
1.726268,1.717170346,0.004433976,0.002079472,1751289979494832931,8000,12000,1751289979499270056,99,115
1.153773564,1.146626791,0.004512179,0.002090008,1751289980649900811,8000,18000,1751289980654409638,100,160
1.275354276,1.197140083,0.067443766,0.002733703,1751289981862227501,6000,12000,1751289981929732247,117,112
2.007910396,1.999514566,0.00476662,0.002538206,1751289983934754331,8000,22000,1751289983939512358,100,196
0.585237704,0.409291881,0.171694325,0.003266141,1751289984352711242,10000,20000,1751289984524403400,83,181
1.087381763,1.080550615,0.004183313,0.002104268,1751289985610086482,4000,18000,1751289985614265573,132,163
2.218293152,2.211382394,0.004312515,0.002002473,1751289987829863984,12000,8000,1751289987834173351,64,80
2.923686804,2.844402701,0.074809479,0.00312392,1751289990684734708,10000,22000,1751289990759542947,83,199
1.276388681,1.268719322,0.004580696,0.002708241,1751289992032176642,6000,16000,1751289992036798060,117,148
2.038545374,2.029674902,0.004287405,0.002894886,1751289994072079664,8000,6000,1751289994076365642,99,63
1.042334649,0.85626978,0.182384308,0.00316592,1751289994936445463,4000,10000,1751289995118871289,134,95
2.604358632,2.594468896,0.005167799,0.004249017,1751289997717310038,12000,22000,1751289997722470894,66,198
2.549444803,2.541444004,0.004296868,0.003203271,1751290000269144864,6000,10000,1751290000273436083,116,98
1.286904752,1.277995986,0.00329051,0.004578327,1751290001556292484,4000,16000,1751290001559578717,134,144
2.062249447,2.054064541,0.004247035,0.003274399,1751290003619350068,14000,22000,1751290003623594029,49,200
2.496154356,2.483681396,0.007523268,0.003100124,1751290006113668208,10000,10000,1751290006121192624,82,97
1.221424402,1.212348284,0.004247164,0.00399339,1751290007338405027,4000,14000,1751290007342649469,131,129
2.024278404,2.011877665,0.004136536,0.005601535,1751290009361988033,14000,20000,1751290009366121329,49,182
2.883290248,2.73937649,0.138757698,0.003162938,1751290012114045943,2000,8000,1751290012252801567,152,77
2.047536026,2.036386696,0.004017408,0.006418301,1751290014293489205,12000,2000,1751290014297502576,65,23
1.261641513,1.25099314,0.004454476,0.003657062,1751290015558529783,8000,8000,1751290015562981741,99,76
1.553919059,1.342375503,0.203978862,0.006857166,1751290016910440508,2000,2000,1751290017114415056,153,22
2.635985261,2.627898464,0.003334862,0.00429846,1751290019750049581,10000,14000,1751290019753383517,82,129
1.293833201,1.280463068,0.005062172,0.00480512,1751290021042947017,6000,8000,1751290021047935448,117,79
0.769870115,0.598858395,0.165061319,0.004809064,1751290021653165108,4000,8000,1751290021818225446,134,78
0.935144894,0.76082985,0.166921516,0.005271335,1751290022586995539,2000,4000,1751290022753961407,153,40
2.649247684,2.637867803,0.004103925,0.003953965,1751290025401234451,12000,16000,1751290025405330895,65,145
2.075390205,1.968582905,0.101217006,0.004226053,1751290027379880126,12000,6000,1751290027481094762,63,60
1.225222688,1.215990259,0.004318255,0.004490328,1751290028702061415,6000,2000,1751290028706374097,114,23
2.026292521,2.017220237,0.004106221,0.00393915,1751290030729788434,4000,12000,1751290030733887712,134,110
1.289054536,1.1937933,0.087975095,0.005644348,1751290031933764170,2000,6000,1751290032021791356,152,58
3.176172212,3.163627883,0.004620918,0.007067515,1751290035194254508,2000,22000,1751290035198888722,152,194
3.695818549,3.683908916,0.004460162,0.005354723,1751290038892467228,4000,4000,1751290038896925427,134,44
1.801758357,1.784333854,0.009088302,0.007120736,1751290040688286796,14000,6000,1751290040697378838,48,60
1.499208675,1.480226805,0.004539642,0.012136167,1751290042189628516,14000,14000,1751290042194170454,47,129
1.025633407,1.012311738,0.004691306,0.008061242,1751290043221769427,8000,14000,1751290043226461659,97,130
0.798798433,0.787679678,0.004540956,0.004703621,1751290044024626027,10000,18000,1751290044029166502,82,162
0.784572312,0.775554769,0.00385254,0.004591974,1751290044811417920,14000,16000,1751290044815267386,49,148
2.243432091,2.232629906,0.004633066,0.005678756,1751290047055437151,2000,12000,1751290047060070736,149,112
2.005096422,1.993450877,0.004210461,0.004987636,1751290049062488583,4000,2000,1751290049066695248,134,25
2.961815912,2.950479845,0.004383218,0.006216211,1751290052023798373,10000,16000,1751290052028167183,82,145
1.21132703,1.199633671,0.00444105,0.006642372,1751290053236135852,12000,10000,1751290053240574143,64,99
1.926102903,1.91349802,0.003812985,0.00832196,1751290055161625263,2000,14000,1751290055165436007,149,129
0.718153068,0.636425241,0.069004575,0.011780061,1751290055812582750,6000,14000,1751290055881585658,116,129
0.982482565,0.845156961,0.12775816,0.006715612,1751290056746172742,2000,18000,1751290056873930921,151,162
2.030896356,2.018828873,0.004533789,0.006938517,1751290058900632223,12000,12000,1751290058905162327,68,113
2.154057002,2.14199613,0.00441718,0.00718342,1751290061055017665,8000,2000,1751290061059432345,99,26
3.448982731,3.423185861,0.008096742,0.009272373,1751290064499624808,14000,18000,1751290064507720178,47,164
1.888257503,1.873985828,0.004132332,0.009559518,1751290066392027495,4000,20000,1751290066396155197,132,180
1.464178877,1.451026187,0.004207072,0.008212536,1751290067858308435,12000,18000,1751290067862512433,67,165
1.601254537,1.586208002,0.004162221,0.010316341,1751290069459811599,4000,22000,1751290069463971727,132,197
1.294071129,1.281905109,0.00424472,0.006377024,1751290070758129614,8000,16000,1751290070762371389,99,149
0.853510989,0.778783345,0.063236524,0.010586336,1751290071549084310,10000,12000,1751290071612286779,82,114
1.453978254,1.26101758,0.184141091,0.006529855,1751290072888047008,4000,6000,1751290073072179544,135,60
1.12938162,1.114885744,0.004291701,0.00978907,1751290074194400781,10000,4000,1751290074198687945,84,42
1.247829628,1.100961268,0.135331944,0.009885365,1751290075312712626,14000,4000,1751290075448041682,44,42
1.992755711,1.976983371,0.004279757,0.010800444,1751290077446510796,12000,14000,1751290077450788349,65,129
2.078329261,2.062269814,0.004378866,0.010298359,1751290079527154822,8000,4000,1751290079531529873,99,45
1.471649043,1.326790989,0.134627176,0.008792472,1751290080871064317,14000,10000,1751290081005690512,46,96
0.808818467,0.645799846,0.154688161,0.007911706,1751290081661226317,14000,8000,1751290081815912218,46,78
2.885283396,2.700790662,0.174358836,0.007317807,1751290084528232334,2000,20000,1751290084702595836,151,179
1.329860093,1.196344531,0.124099283,0.008857268,1751290085908563494,6000,20000,1751290086032684425,117,180
1.982514452,1.966824668,0.004262516,0.010905128,1751290088009817359,8000,10000,1751290088014077189,99,98
1.120355384,1.104529157,0.004246812,0.009276539,1751290089132278029,14000,12000,1751290089136520915,48,114
1.789141894,1.774910608,0.004196035,0.009384279,1751290090921892861,8000,20000,1751290090926085526,100,178
0.694206569,0.480361756,0.198347896,0.014767575,1751290091417498686,6000,18000,1751290091615893878,117,163
2.468036929,2.449484776,0.004191998,0.010897277,1751290094083968158,10000,6000,1751290094088152953,81,63
1.310963493,1.13676312,0.160238213,0.012349183,1751290095238845882,10000,2000,1751290095399125872,81,23
1.010545051,0.813084218,0.189073596,0.007843634,1751290096225802441,6000,6000,1751290096414874593,117,60
1.01881827,0.837228924,0.170298464,0.010501893,1751290097262103139,2000,10000,1751290097432451195,152,94
1.490596605,1.47671637,0.004160295,0.009040728,1751290098921089605,10000,8000,1751290098925245474,84,78
1.307309022,1.291401703,0.004475439,0.010656354,1751290100227446288,14000,2000,1751290100231917746,44,25
0.705331673,0.482349319,0.19793503,0.02370912,1751290100727283387,12000,4000,1751290100925260991,63,42
3.783215053,3.766790538,0.004053426,0.011466454,1751290104716964002,6000,22000,1751290104721005502,117,195
